\BOOKMARK [0][-]{chapter.1}{\376\377\000I\000n\000t\000r\000o\000d\000u\000c\000e\000r\000e}{}% 1
\BOOKMARK [1][-]{section.1.1}{\376\377\000C\000o\000n\000t\000e\000x\000t}{chapter.1}% 2
\BOOKMARK [1][-]{section.1.2}{\376\377\000M\000o\000t\000i\000v\000a\002\033\000i\000a\000\040\000P\000e\000r\000s\000o\000n\000a\000l\001\003}{chapter.1}% 3
\BOOKMARK [1][-]{section.1.3}{\376\377\000S\000c\000o\000p\000u\000l\000\040\000L\000u\000c\000r\001\003\000r\000i\000i}{chapter.1}% 4
\BOOKMARK [1][-]{section.1.4}{\376\377\000C\000o\000n\000t\000r\000i\000b\000u\002\033\000i\000i\000\040\000p\000e\000r\000s\000o\000n\000a\000l\000e}{chapter.1}% 5
\BOOKMARK [1][-]{section.1.5}{\376\377\000S\000t\000r\000u\000c\000t\000u\000r\000a\000\040\000L\000u\000c\000r\001\003\000r\000i\000i}{chapter.1}% 6
\BOOKMARK [0][-]{chapter.2}{\376\377\000P\000r\000e\000l\000i\000m\000i\000n\000a\000r\000i\000i}{}% 7
\BOOKMARK [1][-]{section.2.1}{\376\377\000N\000o\002\033\000i\000u\000n\000i\000\040\000d\000e\000\040\000S\000i\000s\000t\000e\000m\000e\000\040\000d\000e\000\040\000O\000p\000e\000r\000a\000r\000e}{chapter.2}% 8
\BOOKMARK [2][-]{subsection.2.1.1}{\376\377\000K\000e\000r\000n\000e\000l}{section.2.1}% 9
\BOOKMARK [2][-]{subsection.2.1.2}{\376\377\000R\000a\000c\000e\000\040\000C\000o\000n\000d\000i\000t\000i\000o\000n\000\040\000/\000\040\000\316\000n\000t\000r\000e\000c\000e\000r\000e\000\040\000l\000a\000\040\000r\000u\000l\000a\000r\000e}{section.2.1}% 10
\BOOKMARK [2][-]{subsection.2.1.3}{\376\377\000I\000P\000C}{section.2.1}% 11
\BOOKMARK [2][-]{subsection.2.1.4}{\376\377\000E\000x\000c\000e\000p\002\033\000i\000i\000\040\000d\000e\000\040\000s\000i\000s\000t\000e\000m}{section.2.1}% 12
\BOOKMARK [2][-]{subsection.2.1.5}{\376\377\000P\000r\000o\000c\000e\000s\000e}{section.2.1}% 13
\BOOKMARK [2][-]{subsection.2.1.6}{\376\377\000M\000e\000m\000o\000r\000i\000e\000\040\000V\000i\000r\000t\000u\000a\000l\001\003}{section.2.1}% 14
\BOOKMARK [1][-]{section.2.2}{\376\377\000N\000o\002\033\000i\000u\000n\000i\000\040\000d\000e\000\040\000A\000r\000h\000i\000t\000e\000c\000t\000u\000r\000a\000\040\000S\000i\000s\000t\000e\000m\000e\000l\000o\000r\000\040\000d\000e\000\040\000C\000a\000l\000c\000u\000l}{chapter.2}% 15
\BOOKMARK [2][-]{subsection.2.2.1}{\376\377\000S\000M\000A\000P\000\040\002\031\000i\000\040\000S\000M\000E\000P}{section.2.2}% 16
\BOOKMARK [2][-]{subsection.2.2.2}{\376\377\000O\000u\000t\000-\000o\000f\000-\000o\000r\000d\000e\000r\000\040\000E\000x\000e\000c\000u\000t\000i\000o\000n}{section.2.2}% 17
\BOOKMARK [2][-]{subsection.2.2.3}{\376\377\000E\000x\000e\000c\000u\002\033\000i\000e\000\040\000S\000p\000e\000c\000u\000l\000a\000t\000i\000v\001\003\000\040\000\046\000\040\000P\000r\000e\000z\000i\000c\000e\000r\000e\000a\000\040\000r\000a\000m\000u\000r\000i\000l\000o\000r\000\040\000d\000e\000\040\000e\000x\000e\000c\000u\002\033\000i\000e}{section.2.2}% 18
\BOOKMARK [2][-]{subsection.2.2.4}{\376\377\000C\000P\000U\000\040\000C\000a\000c\000h\000e}{section.2.2}% 19
\BOOKMARK [1][-]{section.2.3}{\376\377\000N\000o\002\033\000i\000u\000n\000i\000\040\000d\000e\000\040\000S\000e\000c\000u\000r\000i\000t\000a\000t\000e}{chapter.2}% 20
\BOOKMARK [2][-]{subsection.2.3.1}{\376\377\000A\000t\000a\000c\000u\000r\000i\000\040\000a\000s\000u\000p\000r\000a\000\040\000m\000e\000m\000o\000r\000i\000e\000i\000\040\000c\000a\000c\000h\000e}{section.2.3}% 21
\BOOKMARK [2][-]{subsection.2.3.2}{\376\377\000C\000o\000v\000e\000r\000t\000-\000c\000h\000a\000n\000n\000e\000l}{section.2.3}% 22
\BOOKMARK [2][-]{subsection.2.3.3}{\376\377\000A\000t\000a\000c\000u\000r\000i\000\040\000S\000p\000e\000c\000u\000l\000a\000t\000i\000v\000e}{section.2.3}% 23
\BOOKMARK [2][-]{subsection.2.3.4}{\376\377\000R\000O\000P}{section.2.3}% 24
\BOOKMARK [0][-]{chapter.3}{\376\377\000A\000t\000a\000c\000u\000l\000\040\000M\000e\000l\000t\000d\000o\000w\000n}{}% 25
\BOOKMARK [1][-]{section.3.1}{\376\377\000D\000e\000s\000c\000r\000i\000e\000r\000e\000a\000\040\000A\000t\000a\000c\000u\000l\000u\000i}{chapter.3}% 26
\BOOKMARK [2][-]{subsection.3.1.1}{\376\377\000S\000t\000r\000u\000c\000t\000u\000r\000a\000\040\000M\000e\000m\000o\000r\000i\000e\000i\000\040\000V\000i\000r\000t\000u\000a\000l\000e\000\040\000\356\000n\000\040\000C\000a\000d\000r\000u\000l\000\040\000u\000n\000u\000i\000\040\000P\000r\000o\000c\000e\000s}{section.3.1}% 27
\BOOKMARK [2][-]{subsection.3.1.2}{\376\377\000E\000x\000e\000c\000t\000u\000a\000r\000e\000a\000\040\000I\000n\000s\000t\000r\000u\000c\002\033\000i\000u\000n\000i\000l\000o\000r\000\040\000T\000r\000a\000n\000z\000i\000t\000o\000r\000i\000i}{section.3.1}% 28
\BOOKMARK [2][-]{subsection.3.1.3}{\376\377\000G\000e\000s\000t\000i\000o\000n\000a\000r\000e\000a\000\040\000E\000x\000c\000e\000p\002\033\000i\000i\000l\000o\000r}{section.3.1}% 29
\BOOKMARK [2][-]{subsection.3.1.4}{\376\377\000T\000r\000e\000c\000e\000r\000e\000a\000\040\000d\000i\000n\000\040\000p\000l\000a\000n\000u\000l\000\040\000m\000i\000c\000r\000o\000\040\000\356\000n\000\040\000p\000l\000a\000n\000u\000l\000\040\000m\000a\000c\000r\000o}{section.3.1}% 30
\BOOKMARK [2][-]{subsection.3.1.5}{\376\377\000S\000c\000e\000n\000a\000r\000i\000u\000l\000\040\002\031\000i\000\040\000r\000e\000a\000l\000i\000z\000a\000r\000e\000a\000\040\000a\000t\000a\000c\000u\000l\000u\000i\000\040\000M\000e\000l\000t\000d\000o\000w\000n}{section.3.1}% 31
\BOOKMARK [1][-]{section.3.2}{\376\377\000S\000i\000s\000t\000e\000m\000e\000\040\000e\000v\000a\000l\000u\000a\000t\000e}{chapter.3}% 32
\BOOKMARK [2][-]{subsection.3.2.1}{\376\377\000L\000i\000n\000u\000x}{section.3.2}% 33
\BOOKMARK [2][-]{subsection.3.2.2}{\376\377\000M\000i\000c\000r\000o\000s\000o\000f\000t\000\040\000W\000i\000n\000d\000o\000w\000s}{section.3.2}% 34
\BOOKMARK [2][-]{subsection.3.2.3}{\376\377\000A\000n\000d\000r\000o\000i\000d}{section.3.2}% 35
\BOOKMARK [2][-]{subsection.3.2.4}{\376\377\000C\000o\000n\000t\000a\000i\000n\000e\000r\000e}{section.3.2}% 36
\BOOKMARK [2][-]{subsection.3.2.5}{\376\377\000A\000R\000M\000\040\002\031\000i\000\040\000A\000M\000D}{section.3.2}% 37
\BOOKMARK [1][-]{section.3.3}{\376\377\000P\000e\000r\000f\000o\000r\000m\000a\000n\002\033\000a}{chapter.3}% 38
\BOOKMARK [2][-]{subsection.3.3.1}{\376\377\000S\000e\000c\000r\000e\000t\000u\000l\000\040\000\356\000n\000\040\000c\000a\000c\000h\000e}{section.3.3}% 39
\BOOKMARK [2][-]{subsection.3.3.2}{\376\377\000S\000e\000c\000r\000e\000t\000u\000l\000\040\000\356\000n\000\040\000a\000f\000a\000r\000a\000\040\000c\000a\000c\000h\000e\000-\000u\000l\000u\000i}{section.3.3}% 40
\BOOKMARK [1][-]{section.3.4}{\376\377\000M\000e\000t\000o\000d\000e\000\040\000d\000e\000\040\000m\000i\000t\000i\000g\000a\000r\000e}{chapter.3}% 41
\BOOKMARK [2][-]{subsection.3.4.1}{\376\377\000H\000a\000r\000d\000w\000a\000r\000e}{section.3.4}% 42
\BOOKMARK [2][-]{subsection.3.4.2}{\376\377\000S\000o\000f\000t\000w\000a\000r\000e\000\040\040\023\000\040\000K\000A\000I\000S\000E\000R}{section.3.4}% 43
\BOOKMARK [1][-]{section.3.5}{\376\377\000R\000e\000p\000r\000o\000d\000u\000c\000e\000r\000e\000a\000\040\000A\000t\000a\000c\000u\000l\000u\000i}{chapter.3}% 44
\BOOKMARK [2][-]{subsection.3.5.1}{\376\377\000P\000l\000a\000t\000f\000o\000r\000m\000a}{section.3.5}% 45
\BOOKMARK [2][-]{subsection.3.5.2}{\376\377\000A\000s\000p\000e\000c\000t\000e\000\040\000i\000m\000p\000o\000r\000t\000a\000n\000t\000e}{section.3.5}% 46
\BOOKMARK [2][-]{subsection.3.5.3}{\376\377\000S\000t\000a\000r\000e\000a\000\040\000a\000c\000t\000u\000a\000l\001\003\000\040\000-\000\040\000T\000e\000s\000t\000a\000r\000e\000a\000\040\000e\000f\000e\000c\000t\000u\000l\000u\000i\000\040\000K\000P\000T\000I}{section.3.5}% 47
\BOOKMARK [0][-]{chapter.4}{\376\377\000A\000t\000a\000c\000u\000r\000i\000\040\000S\000p\000e\000c\000t\000r\000e}{}% 48
\BOOKMARK [1][-]{section.4.1}{\376\377\000D\000i\000f\000e\000r\000e\000n\002\033\000e\000\040\000f\000a\002\033\001\003\000\040\000d\000e\000\040\000M\000e\000l\000t\000d\000o\000w\000n}{chapter.4}% 49
\BOOKMARK [1][-]{section.4.2}{\376\377\000S\000p\000e\000c\000t\000r\000e\000\040\000V\0001}{chapter.4}% 50
\BOOKMARK [2][-]{subsection.4.2.1}{\376\377\000D\000e\000s\000c\000r\000i\000e\000r\000e\000a\000\040\000A\000t\000a\000c\000u\000l\000u\000i}{section.4.2}% 51
\BOOKMARK [2][-]{subsection.4.2.2}{\376\377\000R\000e\000p\000r\000o\000d\000u\000c\000e\000r\000e\000a\000\040\000a\000t\000a\000c\000u\000l\000u\000i}{section.4.2}% 52
\BOOKMARK [1][-]{section.4.3}{\376\377\000S\000p\000e\000c\000t\000r\000e\000\040\000V\0002}{chapter.4}% 53
\BOOKMARK [2][-]{subsection.4.3.1}{\376\377\000D\000e\000s\000c\000r\000i\000e\000r\000e\000a\000\040\000a\000t\000a\000c\000u\000l\000u\000i}{section.4.3}% 54
\BOOKMARK [2][-]{subsection.4.3.2}{\376\377\000R\000e\000z\000u\000l\000t\000a\000t\000e}{section.4.3}% 55
\BOOKMARK [1][-]{section.4.4}{\376\377\000M\000e\000t\000o\000d\000e\000\040\000d\000e\000\040\000M\000i\000t\000i\000g\000a\000r\000e}{chapter.4}% 56
\BOOKMARK [2][-]{subsection.4.4.1}{\376\377\000S\000o\000f\000t\000w\000a\000r\000e}{section.4.4}% 57
\BOOKMARK [2][-]{subsection.4.4.2}{\376\377\000H\000a\000r\000d\000w\000a\000r\000e}{section.4.4}% 58
\BOOKMARK [1][-]{section.4.5}{\376\377\000S\000t\000a\000r\000e\000a\000\040\000A\000c\000t\000u\000a\000l\001\003}{chapter.4}% 59
\BOOKMARK [0][-]{chapter.5}{\376\377\000P\000O\000C\000\040\040\023\000\040\000S\000p\000e\000c\000t\000r\000e\000-\000V\0001}{}% 60
\BOOKMARK [1][-]{section.5.1}{\376\377\000D\000e\000t\000a\000l\000i\000i\000\040\000d\000e\000\040\000i\000m\000p\000l\000e\000m\000e\000n\000t\000a\000r\000e}{chapter.5}% 61
\BOOKMARK [2][-]{subsection.5.1.1}{\376\377\000S\000c\000e\000n\000a\000r\000i\000u\000l}{section.5.1}% 62
\BOOKMARK [2][-]{subsection.5.1.2}{\376\377\000V\000u\000l\000n\000e\000r\000a\000b\000i\000l\000i\000t\000a\000t\000e\000a}{section.5.1}% 63
\BOOKMARK [2][-]{subsection.5.1.3}{\376\377\000C\000i\000t\000i\000r\000e\000a\000\040\000u\000n\000u\000i\000\040\000b\000y\000t\000e}{section.5.1}% 64
\BOOKMARK [1][-]{section.5.2}{\376\377\000R\000e\000z\000u\000l\000t\000a\000t\000e}{chapter.5}% 65
\BOOKMARK [1][-]{section.5.3}{\376\377\000O\000b\000s\000e\000r\000v\000a\002\033\000i\000i\000\040\000i\000n\000t\000e\000r\000e\000s\000a\000n\000t\000e}{chapter.5}% 66
\BOOKMARK [2][-]{subsection.5.3.1}{\376\377\000P\000r\000a\000g\000u\000l\000\040\000p\000e\000n\000t\000r\000u\000\040\000d\000e\000t\000e\000r\000m\000i\000n\000a\000r\000e\000a\000\040\000c\000a\000c\000h\000e\000-\000h\000i\000t\000-\000r\000i\000l\000o\000r}{section.5.3}% 67
\BOOKMARK [2][-]{subsection.5.3.2}{\376\377\000F\000l\000a\000g\000-\000u\000r\000i\000\040\000d\000e\000\040\000c\000o\000m\000p\000i\000l\000a\000r\000e\000\040\002\031\000i\000\040\000t\000i\000p\000u\000l\000\040\000v\000a\000r\000i\000a\000b\000i\000l\000e\000l\000o\000r}{section.5.3}% 68
\BOOKMARK [0][-]{chapter.6}{\376\377\000C\000o\000n\000c\000l\000u\000z\000i\000i\000\040\002\031\000i\000\040\000D\000i\000r\000e\000c\002\033\000i\000i\000\040\000V\000i\000i\000t\000o\000a\000r\000e}{}% 69
\BOOKMARK [0][-]{chapter*.29}{\376\377\000B\000i\000b\000l\000i\000o\000g\000r\000a\000f\000i\000e}{}% 70
