This is LuaHBTeX, Version 1.15.0 (TeX Live 2022/Arch Linux)  (format=lualatex 2022.5.3)  1 JUN 2022 18:52
 restricted system commands enabled.
**main
(./main.tex
LaTeX2e <2021-11-15> patch level 1
Lua module: luaotfload 2022-03-18 3.21 Lua based OpenType font support
Lua module: lualibs 2021-05-20 2.74 ConTeXt Lua standard libraries.
Lua module: lualibs-extended 2021-05-20 2.74 ConTeXt Lua libraries -- extended c
ollection.
luaotfload | conf : Root cache directory is "/home/stef/.texlive/texmf-var/luate
x-cache/generic/names".
luaotfload | init : Loading fontloader "fontloader-2022-02-24.lua" from kpse-res
olved path "/usr/share/texmf-dist/tex/luatex/luaotfload/fontloader-2022-02-24.lu
a".
Lua-only attribute luaotfload@noligature = 1
luaotfload | init : Context OpenType loader version 3.119
Inserting `luaotfload.node_processor' at position 1 in `pre_linebreak_filter'.
Inserting `luaotfload.node_processor' at position 1 in `hpack_filter'.
Inserting `luaotfload.glyph_stream' at position 1 in `glyph_stream_provider'.
Inserting `luaotfload.define_font' at position 1 in `define_font'.
Lua-only attribute luaotfload_color_attribute = 2
luaotfload | conf : Root cache directory is "/home/stef/.texlive/texmf-var/luate
x-cache/generic/names".
Inserting `luaotfload.harf.strip_prefix' at position 1 in `find_opentype_file'.
Inserting `luaotfload.harf.strip_prefix' at position 1 in `find_truetype_file'.
Removing  `luaotfload.glyph_stream' from `glyph_stream_provider'.
Inserting `luaotfload.harf.glyphstream' at position 1 in `glyph_stream_provider'
.
Inserting `luaotfload.harf.finalize_vlist' at position 1 in `post_linebreak_filt
er'.
Inserting `luaotfload.harf.finalize_hlist' at position 2 in `hpack_filter'.
Inserting `luaotfload.cleanup_files' at position 1 in `wrapup_run'.
Inserting `luaotfload.harf.finalize_unicode' at position 1 in `finish_pdffile'.
Inserting `luaotfload.glyphinfo' at position 1 in `glyph_info'.
Lua-only attribute luaotfload.letterspace_done = 3
Inserting `luaotfload.aux.set_sscale_dimens' at position 1 in `luaotfload.patch_
font'.
Inserting `luaotfload.aux.set_font_index' at position 2 in `luaotfload.patch_fon
t'.
Inserting `luaotfload.aux.patch_cambria_domh' at position 3 in `luaotfload.patch
_font'.
Inserting `luaotfload.aux.fixup_fontdata' at position 1 in `luaotfload.patch_fon
t_unsafe'.
Inserting `luaotfload.aux.set_capheight' at position 4 in `luaotfload.patch_font
'.
Inserting `luaotfload.aux.set_xheight' at position 5 in `luaotfload.patch_font'.
Inserting `luaotfload.rewrite_fontname' at position 6 in `luaotfload.patch_font'
. L3 programming layer <2022-04-10>
Inserting `tracingstacklevels' at position 1 in `input_level_string'.
(/usr/share/texmf-dist/tex/latex/base/report.cls
Document Class: report 2021/10/04 v1.4n Standard LaTeX document class
(/usr/share/texmf-dist/tex/latex/base/size12.clo
File: size12.clo 2021/10/04 v1.4n Standard LaTeX file (size option)
luaotfload | db : Font names database loaded from /home/stef/.texlive/texmf-var/
luatex-cache/generic/names/luaotfload-names.luc.gz)
\c@part=\count183
\c@chapter=\count184
\c@section=\count185
\c@subsection=\count186
\c@subsubsection=\count187
\c@paragraph=\count188
\c@subparagraph=\count189
\c@figure=\count190
\c@table=\count191
\abovecaptionskip=\skip47
\belowcaptionskip=\skip48
\bibindent=\dimen137
)
(/usr/share/texmf-dist/tex/latex/geometry/geometry.sty
Package: geometry 2020/01/02 v5.9 Page Geometry

(/usr/share/texmf-dist/tex/latex/graphics/keyval.sty
Package: keyval 2014/10/28 v1.15 key=value parser (DPC)
\KV@toks@=\toks16
)
(/usr/share/texmf-dist/tex/generic/iftex/ifvtex.sty
Package: ifvtex 2019/10/25 v1.7 ifvtex legacy package. Use iftex instead.

(/usr/share/texmf-dist/tex/generic/iftex/iftex.sty
Package: iftex 2022/02/03 v1.0f TeX engine tests
))
\Gm@cnth=\count192
\Gm@cntv=\count193
\c@Gm@tempcnt=\count194
\Gm@bindingoffset=\dimen138
\Gm@wd@mp=\dimen139
\Gm@odd@mp=\dimen140
\Gm@even@mp=\dimen141
\Gm@layoutwidth=\dimen142
\Gm@layoutheight=\dimen143
\Gm@layouthoffset=\dimen144
\Gm@layoutvoffset=\dimen145
\Gm@dimlist=\toks17
)
(/usr/share/texmf-dist/tex/latex/fontspec/fontspec.sty
(/usr/share/texmf-dist/tex/latex/l3packages/xparse/xparse.sty
(/usr/share/texmf-dist/tex/latex/l3kernel/expl3.sty
Package: expl3 2022-04-10 L3 programming layer (loader) 

(/usr/share/texmf-dist/tex/latex/l3backend/l3backend-luatex.def
File: l3backend-luatex.def 2022-04-14 L3 backend support: PDF output (LuaTeX)
\l__color_backend_stack_int=\count195
\l__pdf_internal_box=\box50
))
Package: xparse 2022-01-12 L3 Experimental document command parser
)
Package: fontspec 2022/01/15 v2.8a Font selection for XeLaTeX and LuaLaTeX
Lua module: fontspec 2022/01/15 2.8a Font selection for XeLaTeX and LuaLaTeX
(/usr/share/texmf-dist/tex/latex/fontspec/fontspec-luatex.sty
Package: fontspec-luatex 2022/01/15 v2.8a Font selection for XeLaTeX and LuaLaT
eX
\l__fontspec_script_int=\count196
\l__fontspec_language_int=\count197
\l__fontspec_strnum_int=\count198
\l__fontspec_tmp_int=\count199
\l__fontspec_tmpa_int=\count266
\l__fontspec_tmpb_int=\count267
\l__fontspec_tmpc_int=\count268
\l__fontspec_em_int=\count269
\l__fontspec_emdef_int=\count270
\l__fontspec_strong_int=\count271
\l__fontspec_strongdef_int=\count272
\l__fontspec_tmpa_dim=\dimen146
\l__fontspec_tmpb_dim=\dimen147
\l__fontspec_tmpc_dim=\dimen148

(/usr/share/texmf-dist/tex/latex/base/fontenc.sty
Package: fontenc 2021/04/29 v2.0v Standard LaTeX package
)
(/usr/share/texmf-dist/tex/latex/fontspec/fontspec.cfg)))
(/usr/share/texmf-dist/tex/latex/polyglossia/polyglossia.sty
Package: polyglossia 2022/04/10 v1.55a Modern multilingual typesetting with XeL
aTeX and LuaLaTeX

(/usr/share/texmf-dist/tex/latex/etoolbox/etoolbox.sty
Package: etoolbox 2020/10/05 v2.5k e-TeX tools for LaTeX (JAW)
\etb@tempcnta=\count273
)
(/usr/share/texmf-dist/tex/latex/makecmds/makecmds.sty
Package: makecmds 2009/09/03 v1.0a extra command making commands
)
(/usr/share/texmf-dist/tex/latex/xkeyval/xkeyval.sty
Package: xkeyval 2020/11/20 v2.8 package option processing (HA)

(/usr/share/texmf-dist/tex/generic/xkeyval/xkeyval.tex
(/usr/share/texmf-dist/tex/generic/xkeyval/xkvutils.tex
\XKV@toks=\toks18
\XKV@tempa@toks=\toks19
)
\XKV@depth=\count274
File: xkeyval.tex 2014/12/03 v2.7a key=value parser (HA)
))
(/usr/share/texmf-dist/tex/latex/l3packages/l3keys2e/l3keys2e.sty
Package: l3keys2e 2022-01-12 LaTeX2e option processing using LaTeX3 keys
)
(/usr/share/texmf-dist/tex/luatex/luatexbase/luatexbase.sty
Package: luatexbase 2015/10/04 v1.3 luatexbase interface to LuaTeX 

(/usr/share/texmf-dist/tex/luatex/ctablestack/ctablestack.sty
Package: ctablestack 2015/10/01 v1.0 Catcode table stable support
\@catcodetablestackcnt=\count275
)
\CatcodeTableOther=\catcodetable12
\CatcodeTableExpl=\catcodetable13
)
Lua module: polyglossia 2013/05/11 1.3 Polyglossia
(/usr/share/texmf-dist/tex/latex/polyglossia/gloss-latex.lde
Package: gloss-latex 2021/07/10 vv1.53 polyglossia: module for default language

The property list \polyglossia@langsetup contains the pairs (without outer
braces):
>  {latex/script}  =>  {latin}
>  {latex/lcscript}  =>  {latin}
>  {latex/scripttag}  =>  {}
>  {latex/language}  =>  {Latex}
>  {latex/langtag}  =>  {ENG}
>  {latex/bcp47}  =>  {}
>  {latex/hyphennames}  =>  {english}
>  {latex/direction}  =>  {LR}
>  {latex/hyphenmins}  =>  {2,3}
>  {latex/frenchspacing}  =>  {false}
>  {latex/indentfirst}  =>  {false}
>  {latex/fontsetup}  =>  {true}
>  {latex/envname}  =>  {latex}
>  {latex/babelname}  =>  {latex}
>  {latex/localnumeral}  =>  {polyglossia@C@localnumeral}
>  {latex/Localnumeral}  =>  {polyglossia@C@localnumeral}
>  {latex/DefineCommandsCmd}  =>  {use_none:n}.
)
Package polyglossia Info: Default language is latex.
Package polyglossia Info: Setting LuaTeX font renderer to Harfbuzz.
)
(/usr/share/texmf-dist/tex/latex/polyglossia/gloss-romanian.ldf
File: gloss-romanian.ldf polyglossia: module for romanian
The property list \polyglossia@langsetup contains the pairs (without outer
braces):
>  {latex/script}  =>  {latin}
>  {latex/lcscript}  =>  {latin}
>  {latex/scripttag}  =>  {}
>  {latex/language}  =>  {Latex}
>  {latex/langtag}  =>  {ENG}
>  {latex/bcp47}  =>  {}
>  {latex/hyphennames}  =>  {english}
>  {latex/direction}  =>  {LR}
>  {latex/hyphenmins}  =>  {2,3}
>  {latex/frenchspacing}  =>  {false}
>  {latex/indentfirst}  =>  {false}
>  {latex/fontsetup}  =>  {true}
>  {latex/envname}  =>  {latex}
>  {latex/babelname}  =>  {latex}
>  {latex/localnumeral}  =>  {polyglossia@C@localnumeral}
>  {latex/Localnumeral}  =>  {polyglossia@C@localnumeral}
>  {latex/DefineCommandsCmd}  =>  {use_none:n}
>  {romanian/script}  =>  {latin}
>  {romanian/lcscript}  =>  {latin}
>  {romanian/scripttag}  =>  {}
>  {romanian/language}  =>  {Romanian}
>  {romanian/langtag}  =>  {ROM}
>  {romanian/bcp47}  =>  {ro}
>  {romanian/hyphennames}  =>  {romanian}
>  {romanian/direction}  =>  {LR}
>  {romanian/hyphenmins}  =>  {2,2}
>  {romanian/frenchspacing}  =>  {false}
>  {romanian/indentfirst}  =>  {false}
>  {romanian/fontsetup}  =>  {true}
>  {romanian/envname}  =>  {romanian}
>  {romanian/babelname}  =>  {romanian}
>  {romanian/localnumeral}  =>  {polyglossia@C@localnumeral}
>  {romanian/Localnumeral}  =>  {polyglossia@C@localnumeral}
>  {romanian/DefineCommandsCmd}  =>  {xpg_define_language_commands:e}.
Module polyglossia Info: Language data for romanian
(polyglossia)            loader	loadhyph-ro.tex
(polyglossia)            hyphenation	
(polyglossia)            patterns	hyph-ro.pat.txt
(polyglossia)            lefthyphenmin	2
(polyglossia)            righthyphenmin	2
(polyglossia)            synonyms	 on input line 9
Module polyglossia Info: Language romanian was not yet loaded; created with id 2
 on input line 9
)
Package polyglossia Info: Default language is romanian.

(/usr/share/texmf-dist/tex/latex/polyglossia/gloss-english.ldf
File: gloss-english.ldf polyglossia: module for english
The property list \polyglossia@langsetup contains the pairs (without outer
braces):
>  {latex/script}  =>  {latin}
>  {latex/lcscript}  =>  {latin}
>  {latex/scripttag}  =>  {}
>  {latex/language}  =>  {Latex}
>  {latex/langtag}  =>  {ENG}
>  {latex/bcp47}  =>  {}
>  {latex/hyphennames}  =>  {english}
>  {latex/direction}  =>  {LR}
>  {latex/hyphenmins}  =>  {2,3}
>  {latex/frenchspacing}  =>  {false}
>  {latex/indentfirst}  =>  {false}
>  {latex/fontsetup}  =>  {true}
>  {latex/envname}  =>  {latex}
>  {latex/babelname}  =>  {latex}
>  {latex/localnumeral}  =>  {polyglossia@C@localnumeral}
>  {latex/Localnumeral}  =>  {polyglossia@C@localnumeral}
>  {latex/DefineCommandsCmd}  =>  {use_none:n}
>  {romanian/script}  =>  {latin}
>  {romanian/lcscript}  =>  {latin}
>  {romanian/scripttag}  =>  {}
>  {romanian/language}  =>  {Romanian}
>  {romanian/langtag}  =>  {ROM}
>  {romanian/bcp47}  =>  {ro}
>  {romanian/hyphennames}  =>  {romanian}
>  {romanian/direction}  =>  {LR}
>  {romanian/hyphenmins}  =>  {2,2}
>  {romanian/frenchspacing}  =>  {false}
>  {romanian/indentfirst}  =>  {false}
>  {romanian/fontsetup}  =>  {true}
>  {romanian/envname}  =>  {romanian}
>  {romanian/babelname}  =>  {romanian}
>  {romanian/localnumeral}  =>  {polyglossia@C@localnumeral}
>  {romanian/Localnumeral}  =>  {polyglossia@C@localnumeral}
>  {romanian/DefineCommandsCmd}  =>  {xpg_define_language_commands:e}
>  {english/script}  =>  {latin}
>  {english/lcscript}  =>  {latin}
>  {english/scripttag}  =>  {}
>  {english/language}  =>  {English}
>  {english/langtag}  =>  {ENG}
>  {english/bcp47}  =>  {en-US}
>  {english/hyphennames}  =>  {english,american,usenglish,USenglish}
>  {english/direction}  =>  {LR}
>  {english/hyphenmins}  =>  {2,3}
>  {english/frenchspacing}  =>  {false}
>  {english/indentfirst}  =>  {false}
>  {english/fontsetup}  =>  {true}
>  {english/envname}  =>  {english}
>  {english/babelname}  =>  {english}
>  {english/localnumeral}  =>  {polyglossia@C@localnumeral}
>  {english/Localnumeral}  =>  {polyglossia@C@localnumeral}
>  {english/DefineCommandsCmd}  =>  {xpg_define_language_commands:e}.
Package polyglossia Info: Option: English, variant=american.
)
(/usr/share/texmf-dist/tex/latex/csquotes/csquotes.sty
Package: csquotes 2021-02-22 v5.2l context-sensitive quotations (JAW)
\csq@reset=\count276
\csq@gtype=\count277
\csq@glevel=\count278
\csq@qlevel=\count279
\csq@maxlvl=\count280
\csq@tshold=\count281
\csq@ltx@everypar=\toks20

(/usr/share/texmf-dist/tex/latex/csquotes/csquotes.def
File: csquotes.def 2021-02-22 v5.2l csquotes generic definitions (JAW)
)
Package csquotes Info: Trying to load configuration file 'csquotes.cfg'...
Package csquotes Info: ... configuration file loaded successfully.

(/usr/share/texmf-dist/tex/latex/csquotes/csquotes.cfg
File: csquotes.cfg 
))
Package csquotes Info: Redefining quotation style 'romanian'.

(/usr/share/texmf-dist/tex/latex/biblatex/biblatex.sty
Package: biblatex 2022/02/02 v3.17 programmable bibliographies (PK/MW)

(/usr/share/texmf-dist/tex/generic/pdftexcmds/pdftexcmds.sty
Package: pdftexcmds 2020-06-27 v0.33 Utility functions of pdfTeX for LuaTeX (HO
)

(/usr/share/texmf-dist/tex/generic/infwarerr/infwarerr.sty
Package: infwarerr 2019/12/03 v1.5 Providing info/warning/error messages (HO)
)
(/usr/share/texmf-dist/tex/generic/ltxcmds/ltxcmds.sty
Package: ltxcmds 2020-05-10 v1.25 LaTeX kernel commands for general use (HO)
)
Package pdftexcmds Info: \pdf@primitive is available.
Package pdftexcmds Info: \pdf@ifprimitive is available.
Package pdftexcmds Info: \pdfdraftmode found.
\pdftexcmds@toks=\toks21
)
(/usr/share/texmf-dist/tex/latex/kvoptions/kvoptions.sty
Package: kvoptions 2020-10-07 v3.14 Key value format for package options (HO)

(/usr/share/texmf-dist/tex/generic/kvsetkeys/kvsetkeys.sty
Package: kvsetkeys 2019/12/15 v1.18 Key value parser (HO)
))
(/usr/share/texmf-dist/tex/latex/logreq/logreq.sty
Package: logreq 2010/08/04 v1.0 xml request logger
\lrq@indent=\count282

(/usr/share/texmf-dist/tex/latex/logreq/logreq.def
File: logreq.def 2010/08/04 v1.0 logreq spec v1.0
))
(/usr/share/texmf-dist/tex/latex/base/ifthen.sty
Package: ifthen 2020/11/24 v1.1c Standard LaTeX ifthen package (DPC)
)
(/usr/share/texmf-dist/tex/latex/url/url.sty
\Urlmuskip=\muskip16
Package: url 2013/09/16  ver 3.4  Verb mode for urls, etc.
)
\c@tabx@nest=\count283
\c@listtotal=\count284
\c@listcount=\count285
\c@liststart=\count286
\c@liststop=\count287
\c@citecount=\count288
\c@citetotal=\count289
\c@multicitecount=\count290
\c@multicitetotal=\count291
\c@instcount=\count292
\c@maxnames=\count293
\c@minnames=\count294
\c@maxitems=\count295
\c@minitems=\count296
\c@citecounter=\count297
\c@maxcitecounter=\count298
\c@savedcitecounter=\count299
\c@uniquelist=\count300
\c@uniquename=\count301
\c@refsection=\count302
\c@refsegment=\count303
\c@maxextratitle=\count304
\c@maxextratitleyear=\count305
\c@maxextraname=\count306
\c@maxextradate=\count307
\c@maxextraalpha=\count308
\c@abbrvpenalty=\count309
\c@highnamepenalty=\count310
\c@lownamepenalty=\count311
\c@maxparens=\count312
\c@parenlevel=\count313
\blx@tempcnta=\count314
\blx@tempcntb=\count315
\blx@tempcntc=\count316
\c@blx@maxsection=\count317
\c@blx@maxsegment@0=\count318
\blx@notetype=\count319
\blx@parenlevel@text=\count320
\blx@parenlevel@foot=\count321
\c@blx@sectionciteorder@0=\count322
\blx@entrysetcounter=\count323
\blx@biblioinstance=\count324
\labelnumberwidth=\skip49
\labelalphawidth=\skip50
\biblabelsep=\skip51
\bibitemsep=\skip52
\bibnamesep=\skip53
\bibinitsep=\skip54
\bibparsep=\skip55
\bibhang=\skip56
\blx@bcfin=\read2
\blx@bcfout=\write3
\blx@langwohyphens=\language3
\c@mincomprange=\count325
\c@maxcomprange=\count326
\c@mincompwidth=\count327
Package biblatex Info: Trying to load biblatex default data model...
Package biblatex Info: ... file 'blx-dm.def' found.

(/usr/share/texmf-dist/tex/latex/biblatex/blx-dm.def
File: blx-dm.def 2022/02/02 v3.17 biblatex localization (PK/MW)
)
Package biblatex Info: Trying to load biblatex style data model...
Package biblatex Info: ... file 'numeric.dbx' not found.
Package biblatex Info: Trying to load biblatex custom data model...
Package biblatex Info: ... file 'biblatex-dm.cfg' not found.
\c@afterword=\count328
\c@savedafterword=\count329
\c@annotator=\count330
\c@savedannotator=\count331
\c@author=\count332
\c@savedauthor=\count333
\c@bookauthor=\count334
\c@savedbookauthor=\count335
\c@commentator=\count336
\c@savedcommentator=\count337
\c@editor=\count338
\c@savededitor=\count339
\c@editora=\count340
\c@savededitora=\count341
\c@editorb=\count342
\c@savededitorb=\count343
\c@editorc=\count344
\c@savededitorc=\count345
\c@foreword=\count346
\c@savedforeword=\count347
\c@holder=\count348
\c@savedholder=\count349
\c@introduction=\count350
\c@savedintroduction=\count351
\c@namea=\count352
\c@savednamea=\count353
\c@nameb=\count354
\c@savednameb=\count355
\c@namec=\count356
\c@savednamec=\count357
\c@translator=\count358
\c@savedtranslator=\count359
\c@shortauthor=\count360
\c@savedshortauthor=\count361
\c@shorteditor=\count362
\c@savedshorteditor=\count363
\c@labelname=\count364
\c@savedlabelname=\count365
\c@institution=\count366
\c@savedinstitution=\count367
\c@lista=\count368
\c@savedlista=\count369
\c@listb=\count370
\c@savedlistb=\count371
\c@listc=\count372
\c@savedlistc=\count373
\c@listd=\count374
\c@savedlistd=\count375
\c@liste=\count376
\c@savedliste=\count377
\c@listf=\count378
\c@savedlistf=\count379
\c@location=\count380
\c@savedlocation=\count381
\c@organization=\count382
\c@savedorganization=\count383
\c@origlocation=\count384
\c@savedoriglocation=\count385
\c@origpublisher=\count386
\c@savedorigpublisher=\count387
\c@publisher=\count388
\c@savedpublisher=\count389
\c@language=\count390
\c@savedlanguage=\count391
\c@origlanguage=\count392
\c@savedoriglanguage=\count393
\c@pageref=\count394
\c@savedpageref=\count395
\shorthandwidth=\skip57
\shortjournalwidth=\skip58
\shortserieswidth=\skip59
\shorttitlewidth=\skip60
\shortauthorwidth=\skip61
\shorteditorwidth=\skip62
\locallabelnumberwidth=\skip63
\locallabelalphawidth=\skip64
\localshorthandwidth=\skip65
\localshortjournalwidth=\skip66
\localshortserieswidth=\skip67
\localshorttitlewidth=\skip68
\localshortauthorwidth=\skip69
\localshorteditorwidth=\skip70
Package biblatex Info: Trying to load enhanced support for Unicode engines...
Package biblatex Info: ... file 'blx-unicode.def' found.

(/usr/share/texmf-dist/tex/latex/biblatex/blx-unicode.def)
Package biblatex Info: Trying to load compatibility code...
Package biblatex Info: ... file 'blx-compat.def' found.

(/usr/share/texmf-dist/tex/latex/biblatex/blx-compat.def
File: blx-compat.def 2022/02/02 v3.17 biblatex compatibility (PK/MW)
)
Package biblatex Info: Trying to load generic definitions...
Package biblatex Info: ... file 'biblatex.def' found.

(/usr/share/texmf-dist/tex/latex/biblatex/biblatex.def
File: biblatex.def 2022/02/02 v3.17 biblatex compatibility (PK/MW)
\c@textcitecount=\count396
\c@textcitetotal=\count397
\c@textcitemaxnames=\count398
\c@biburlbigbreakpenalty=\count399
\c@biburlbreakpenalty=\count400
\c@biburlnumpenalty=\count401
\c@biburlucpenalty=\count402
\c@biburllcpenalty=\count403
\biburlbigskip=\muskip17
\biburlnumskip=\muskip18
\biburlucskip=\muskip19
\biburllcskip=\muskip20
\c@smartand=\count404
)
Package biblatex Info: Trying to load bibliography style 'numeric'...
Package biblatex Info: ... file 'numeric.bbx' found.

(/usr/share/texmf-dist/tex/latex/biblatex/bbx/numeric.bbx
File: numeric.bbx 2022/02/02 v3.17 biblatex bibliography style (PK/MW)
Package biblatex Info: Trying to load bibliography style 'standard'...
Package biblatex Info: ... file 'standard.bbx' found.

(/usr/share/texmf-dist/tex/latex/biblatex/bbx/standard.bbx
File: standard.bbx 2022/02/02 v3.17 biblatex bibliography style (PK/MW)
\c@bbx:relatedcount=\count405
\c@bbx:relatedtotal=\count406
))
Package biblatex Info: Trying to load citation style 'numeric'...
Package biblatex Info: ... file 'numeric.cbx' found.

(/usr/share/texmf-dist/tex/latex/biblatex/cbx/numeric.cbx
File: numeric.cbx 2022/02/02 v3.17 biblatex citation style (PK/MW)
Package biblatex Info: Redefining '\cite'.
Package biblatex Info: Redefining '\parencite'.
Package biblatex Info: Redefining '\footcite'.
Package biblatex Info: Redefining '\footcitetext'.
Package biblatex Info: Redefining '\smartcite'.
Package biblatex Info: Redefining '\supercite'.
Package biblatex Info: Redefining '\textcite'.
Package biblatex Info: Redefining '\textcites'.
Package biblatex Info: Redefining '\cites'.
Package biblatex Info: Redefining '\parencites'.
Package biblatex Info: Redefining '\smartcites'.
)
Package biblatex Info: Trying to load configuration file...
Package biblatex Info: ... file 'biblatex.cfg' found.

(/usr/share/texmf-dist/tex/latex/biblatex/biblatex.cfg
File: biblatex.cfg 
)
Package biblatex Info: LuaTeX detected.
(biblatex)             Assuming input encoding 'utf8'.
Package biblatex Info: Document encoding is UTF8 ....
Package biblatex Info: ... and expl3
(biblatex)             2022-04-10 L3 programming layer (loader) 
(biblatex)             is new enough (at least 2020/04/06),
(biblatex)             setting 'casechanger=expl3'.

(/usr/share/texmf-dist/tex/latex/biblatex/blx-case-expl3.sty
Package: blx-case-expl3 2022/02/02 v3.17 expl3 case changing code for biblatex
))
(/usr/share/texmf-dist/tex/latex/setspace/setspace.sty
Package: setspace 2011/12/19 v6.7a set line spacing
)
(/usr/share/texmf-dist/tex/latex/graphics/graphicx.sty
Package: graphicx 2021/09/16 v1.2d Enhanced LaTeX Graphics (DPC,SPQR)

(/usr/share/texmf-dist/tex/latex/graphics/graphics.sty
Package: graphics 2021/03/04 v1.4d Standard LaTeX Graphics (DPC,SPQR)

(/usr/share/texmf-dist/tex/latex/graphics/trig.sty
Package: trig 2021/08/11 v1.11 sin cos tan (DPC)
)
(/usr/share/texmf-dist/tex/latex/graphics-cfg/graphics.cfg
File: graphics.cfg 2016/06/04 v1.11 sample graphics configuration
)
Package graphics Info: Driver file: luatex.def on input line 107.

(/usr/share/texmf-dist/tex/latex/graphics-def/luatex.def
File: luatex.def 2021/06/01 v1.2c Graphics/color driver for luatex
))
\Gin@req@height=\dimen149
\Gin@req@width=\dimen150
)
(/usr/share/texmf-dist/tex/latex/listings/listings.sty
\lst@mode=\count407
\lst@gtempboxa=\box51
\lst@token=\toks22
\lst@length=\count408
\lst@currlwidth=\dimen151
\lst@column=\count409
\lst@pos=\count410
\lst@lostspace=\dimen152
\lst@width=\dimen153
\lst@newlines=\count411
\lst@lineno=\count412
\lst@maxwidth=\dimen154

(/usr/share/texmf-dist/tex/latex/listings/lstmisc.sty
File: lstmisc.sty 2020/03/24 1.8d (Carsten Heinz)
\c@lstnumber=\count413
\lst@skipnumbers=\count414
\lst@framebox=\box52
)
(/usr/share/texmf-dist/tex/latex/listings/listings.cfg
File: listings.cfg 2020/03/24 1.8d listings configuration
))
Package: listings 2020/03/24 1.8d (Carsten Heinz)

(/usr/share/texmf-dist/tex/latex/xcolor/xcolor.sty
Package: xcolor 2021/10/31 v2.13 LaTeX color extensions (UK)

(/usr/share/texmf-dist/tex/latex/graphics-cfg/color.cfg
File: color.cfg 2016/01/02 v1.6 sample color configuration
)
Package xcolor Info: Driver file: luatex.def on input line 227.
Package xcolor Info: Model `cmy' substituted by `cmy0' on input line 1352.
Package xcolor Info: Model `hsb' substituted by `rgb' on input line 1356.
Package xcolor Info: Model `RGB' extended on input line 1368.
Package xcolor Info: Model `HTML' substituted by `rgb' on input line 1370.
Package xcolor Info: Model `Hsb' substituted by `hsb' on input line 1371.
Package xcolor Info: Model `tHsb' substituted by `hsb' on input line 1372.
Package xcolor Info: Model `HSB' substituted by `hsb' on input line 1373.
Package xcolor Info: Model `Gray' substituted by `gray' on input line 1374.
Package xcolor Info: Model `wave' substituted by `hsb' on input line 1375.
)
(/usr/share/texmf-dist/tex/latex/hyperref/hyperref.sty
Package: hyperref 2022-02-21 v7.00n Hypertext links for LaTeX

(/usr/share/texmf-dist/tex/generic/kvdefinekeys/kvdefinekeys.sty
Package: kvdefinekeys 2019-12-19 v1.6 Define keys (HO)
)
(/usr/share/texmf-dist/tex/generic/pdfescape/pdfescape.sty
Package: pdfescape 2019/12/09 v1.15 Implements pdfTeX's escape features (HO)
)
(/usr/share/texmf-dist/tex/latex/hycolor/hycolor.sty
Package: hycolor 2020-01-27 v1.10 Color options for hyperref/bookmark (HO)
)
(/usr/share/texmf-dist/tex/latex/letltxmacro/letltxmacro.sty
Package: letltxmacro 2019/12/03 v1.6 Let assignment for LaTeX macros (HO)
)
(/usr/share/texmf-dist/tex/latex/auxhook/auxhook.sty
Package: auxhook 2019-12-17 v1.6 Hooks for auxiliary files (HO)
)
\@linkdim=\dimen155
\Hy@linkcounter=\count415
\Hy@pagecounter=\count416

(/usr/share/texmf-dist/tex/latex/hyperref/pd1enc.def
File: pd1enc.def 2022-02-21 v7.00n Hyperref: PDFDocEncoding definition (HO)
)
(/usr/share/texmf-dist/tex/generic/intcalc/intcalc.sty
Package: intcalc 2019/12/15 v1.3 Expandable calculations with integers (HO)
)
(/usr/share/texmf-dist/tex/generic/etexcmds/etexcmds.sty
Package: etexcmds 2019/12/15 v1.7 Avoid name clashes with e-TeX commands (HO)
)
\Hy@SavedSpaceFactor=\count417

(/usr/share/texmf-dist/tex/latex/hyperref/puenc.def
File: puenc.def 2022-02-21 v7.00n Hyperref: PDF Unicode definition (HO)
)
Package hyperref Info: Option `colorlinks' set `true' on input line 4018.
Package hyperref Info: Hyper figures OFF on input line 4137.
Package hyperref Info: Link nesting OFF on input line 4142.
Package hyperref Info: Hyper index ON on input line 4145.
Package hyperref Info: Plain pages OFF on input line 4152.
Package hyperref Info: Backreferencing OFF on input line 4157.
Package hyperref Info: Implicit mode ON; LaTeX internals redefined.
Package hyperref Info: Bookmarks ON on input line 4390.
\c@Hy@tempcnt=\count418
LaTeX Info: Redefining \url on input line 4749.
\XeTeXLinkMargin=\dimen156

(/usr/share/texmf-dist/tex/generic/bitset/bitset.sty
Package: bitset 2019/12/09 v1.3 Handle bit-vector datatype (HO)

(/usr/share/texmf-dist/tex/generic/bigintcalc/bigintcalc.sty
Package: bigintcalc 2019/12/15 v1.5 Expandable calculations on big integers (HO
)
))
\Fld@menulength=\count419
\Field@Width=\dimen157
\Fld@charsize=\dimen158
Package hyperref Info: Hyper figures OFF on input line 6027.
Package hyperref Info: Link nesting OFF on input line 6032.
Package hyperref Info: Hyper index ON on input line 6035.
Package hyperref Info: backreferencing OFF on input line 6042.
Package hyperref Info: Link coloring ON on input line 6045.
Package hyperref Info: Link coloring with OCG OFF on input line 6052.
Package hyperref Info: PDF/A mode OFF on input line 6057.
LaTeX Info: Redefining \ref on input line 6097.
LaTeX Info: Redefining \pageref on input line 6101.

(/usr/share/texmf-dist/tex/latex/base/atbegshi-ltx.sty
Package: atbegshi-ltx 2021/01/10 v1.0c Emulation of the original atbegshi
package with kernel methods
)
\Hy@abspage=\count420
\c@Item=\count421
\c@Hfootnote=\count422
)
Package hyperref Info: Driver (autodetected): hluatex.

(/usr/share/texmf-dist/tex/latex/hyperref/hluatex.def
File: hluatex.def 2022-02-21 v7.00n Hyperref driver for luaTeX

(/usr/share/texmf-dist/tex/generic/stringenc/stringenc.sty
Package: stringenc 2019/11/29 v1.12 Convert strings between diff. encodings (HO
)
)
(/usr/share/texmf-dist/tex/latex/base/atveryend-ltx.sty
Package: atveryend-ltx 2020/08/19 v1.0a Emulation of the original atveryend pac
kage
with kernel methods
)
\Fld@listcount=\count423
\c@bookmark@seq@number=\count424

(/usr/share/texmf-dist/tex/latex/rerunfilecheck/rerunfilecheck.sty
Package: rerunfilecheck 2019/12/05 v1.9 Rerun checks for auxiliary files (HO)

(/usr/share/texmf-dist/tex/generic/uniquecounter/uniquecounter.sty
Package: uniquecounter 2019/12/15 v1.4 Provide unlimited unique counter (HO)
)
Package uniquecounter Info: New unique counter `rerunfilecheck' on input line 2
86.
)
\Hy@SectionHShift=\skip71
)
(/usr/share/texmf-dist/tex/latex/unicode-math/unicode-math.sty
Package: unicode-math 2020/01/31 v0.8q Unicode maths in XeLaTeX and LuaLaTeX

(/usr/share/texmf-dist/tex/latex/unicode-math/unicode-math-luatex.sty
Package: unicode-math-luatex 2020/01/31 v0.8q Unicode maths in XeLaTeX and LuaL
aTeX

(/usr/share/texmf-dist/tex/latex/base/fix-cm.sty
Package: fix-cm 2020/11/24 v1.1t fixes to LaTeX

(/usr/share/texmf-dist/tex/latex/base/ts1enc.def
File: ts1enc.def 2001/06/05 v3.0e (jk/car/fm) Standard LaTeX file
LaTeX Font Info:    Redeclaring font encoding TS1 on input line 47.
))
(/usr/share/texmf-dist/tex/latex/amsmath/amsmath.sty
Package: amsmath 2021/10/15 v2.17l AMS math features
\@mathmargin=\skip72

For additional information on amsmath, use the `?' option.
(/usr/share/texmf-dist/tex/latex/amsmath/amstext.sty
Package: amstext 2021/08/26 v2.01 AMS text

(/usr/share/texmf-dist/tex/latex/amsmath/amsgen.sty
File: amsgen.sty 1999/11/30 v2.0 generic functions
\@emptytoks=\toks23
\ex@=\dimen159
))
(/usr/share/texmf-dist/tex/latex/amsmath/amsbsy.sty
Package: amsbsy 1999/11/29 v1.2d Bold Symbols
\pmbraise@=\dimen160
)
(/usr/share/texmf-dist/tex/latex/amsmath/amsopn.sty
Package: amsopn 2021/08/26 v2.02 operator names
)
\inf@bad=\count425
LaTeX Info: Redefining \frac on input line 236.
\uproot@=\count426
\leftroot@=\count427
LaTeX Info: Redefining \overline on input line 399.
\classnum@=\count428
\DOTSCASE@=\count429
LaTeX Info: Redefining \ldots on input line 496.
LaTeX Info: Redefining \dots on input line 499.
LaTeX Info: Redefining \cdots on input line 620.
\Mathstrutbox@=\box53
\strutbox@=\box54
\big@size=\dimen161
LaTeX Font Info:    Redeclaring font encoding OML on input line 743.
LaTeX Font Info:    Redeclaring font encoding OMS on input line 744.
\macc@depth=\count430
\c@MaxMatrixCols=\count431
\dotsspace@=\muskip21
\c@parentequation=\count432
\dspbrk@lvl=\count433
\tag@help=\toks24
\row@=\count434
\column@=\count435
\maxfields@=\count436
\andhelp@=\toks25
\eqnshift@=\dimen162
\alignsep@=\dimen163
\tagshift@=\dimen164
\tagwidth@=\dimen165
\totwidth@=\dimen166
\lineht@=\dimen167
\@envbody=\toks26
\multlinegap=\skip73
\multlinetaggap=\skip74
\mathdisplay@stack=\toks27
LaTeX Info: Redefining \[ on input line 2938.
LaTeX Info: Redefining \] on input line 2939.
)
(/usr/share/texmf-dist/tex/lualatex/lualatex-math/lualatex-math.sty
Package: lualatex-math 2022/01/01 v1.12 Patches for mathematics typesetting wit
h LuaLaTeX
Lua module: lualatex-math 2013/08/03 1.3 Patches for mathematics typesetting wit
h LuaLaTeX)
\g__um_fam_int=\count437
\g__um_fonts_used_int=\count438
\l__um_primecount_int=\count439
\g__um_primekern_muskip=\muskip22

(/usr/share/texmf-dist/tex/latex/unicode-math/unicode-math-table.tex)))
(/usr/share/texmf-dist/tex/latex/mathtools/mathtools.sty
Package: mathtools 2022/02/07 v1.28a mathematical typesetting tools

(/usr/share/texmf-dist/tex/latex/tools/calc.sty
Package: calc 2017/05/25 v4.3 Infix arithmetic (KKT,FJ)
\calc@Acount=\count440
\calc@Bcount=\count441
\calc@Adimen=\dimen168
\calc@Bdimen=\dimen169
\calc@Askip=\skip75
\calc@Bskip=\skip76
LaTeX Info: Redefining \setlength on input line 80.
LaTeX Info: Redefining \addtolength on input line 81.
\calc@Ccount=\count442
\calc@Cskip=\skip77
)
(/usr/share/texmf-dist/tex/latex/mathtools/mhsetup.sty
Package: mhsetup 2021/03/18 v1.4 programming setup (MH)
)
\g_MT_multlinerow_int=\count443
\l_MT_multwidth_dim=\dimen170
\origjot=\skip78
\l_MT_shortvdotswithinadjustabove_dim=\dimen171
\l_MT_shortvdotswithinadjustbelow_dim=\dimen172
\l_MT_above_intertext_sep=\dimen173
\l_MT_below_intertext_sep=\dimen174
\l_MT_above_shortintertext_sep=\dimen175
\l_MT_below_shortintertext_sep=\dimen176
\xmathstrut@box=\box55
\xmathstrut@dim=\dimen177
)
(/usr/share/texmf-dist/tex/latex/appendix/appendix.sty
Package: appendix 2020/02/08 v1.2c extra appendix facilities
\c@@pps=\count444
\c@@ppsavesec=\count445
\c@@ppsaveapp=\count446
)
(/usr/share/texmf-dist/tex/latex/fancyhdr/fancyhdr.sty
Package: fancyhdr 2021/01/28 v4.0.1 Extensive control of page headers and foote
rs
\f@nch@headwidth=\skip79
\f@nch@O@elh=\skip80
\f@nch@O@erh=\skip81
\f@nch@O@olh=\skip82
\f@nch@O@orh=\skip83
\f@nch@O@elf=\skip84
\f@nch@O@erf=\skip85
\f@nch@O@olf=\skip86
\f@nch@O@orf=\skip87
)
Package csquotes Info: Checking for multilingual support...
Package csquotes Info: ... found 'polyglossia' package.
Package csquotes Info: Adjusting default style.
Package csquotes Info: Redefining alias 'default' -> 'romanian'.
 (./main.aux
(./0-title.aux)
LaTeX Info: Redefining \rmfamily on input line 21.
LaTeX Info: Redefining \sffamily on input line 21.
LaTeX Info: Redefining \ttfamily on input line 21.
 (./0-abstract.aux
LaTeX Info: Redefining \rmfamily on input line 3.
LaTeX Info: Redefining \sffamily on input line 3.
LaTeX Info: Redefining \ttfamily on input line 3.
LaTeX Info: Redefining \rmfamily on input line 7.
LaTeX Info: Redefining \sffamily on input line 7.
LaTeX Info: Redefining \ttfamily on input line 7.
LaTeX Info: Redefining \rmfamily on input line 11.
LaTeX Info: Redefining \sffamily on input line 11.
LaTeX Info: Redefining \ttfamily on input line 11.
LaTeX Info: Redefining \rmfamily on input line 15.
LaTeX Info: Redefining \sffamily on input line 15.
LaTeX Info: Redefining \ttfamily on input line 15.
) (./1-introducere.aux) (./2-preliminarii.aux) (./3-meltdown.aux) (./4-spectre.
aux) (./5-poc.aux) (./6-concluzii.aux))
\openout1 = main.aux

LaTeX Font Info:    Checking defaults for OML/cmm/m/it on input line 146.
LaTeX Font Info:    ... okay on input line 146.
LaTeX Font Info:    Checking defaults for OMS/cmsy/m/n on input line 146.
LaTeX Font Info:    ... okay on input line 146.
LaTeX Font Info:    Checking defaults for OT1/cmr/m/n on input line 146.
LaTeX Font Info:    ... okay on input line 146.
LaTeX Font Info:    Checking defaults for T1/cmr/m/n on input line 146.
LaTeX Font Info:    ... okay on input line 146.
LaTeX Font Info:    Checking defaults for TS1/cmr/m/n on input line 146.
LaTeX Font Info:    ... okay on input line 146.
LaTeX Font Info:    Checking defaults for TU/lmr/m/n on input line 146.
LaTeX Font Info:    ... okay on input line 146.
LaTeX Font Info:    Checking defaults for OMX/cmex/m/n on input line 146.
LaTeX Font Info:    ... okay on input line 146.
LaTeX Font Info:    Checking defaults for U/cmr/m/n on input line 146.
LaTeX Font Info:    ... okay on input line 146.
LaTeX Font Info:    Checking defaults for PD1/pdf/m/n on input line 146.
LaTeX Font Info:    ... okay on input line 146.
LaTeX Font Info:    Checking defaults for PU/pdf/m/n on input line 146.
LaTeX Font Info:    ... okay on input line 146.

*geometry* driver: auto-detecting
*geometry* detected driver: luatex
*geometry* verbose mode - [ preamble ] result:
* driver: luatex
* paper: a4paper
* layout: <same size as paper>
* layoutoffset:(h,v)=(0.0pt,0.0pt)
* modes: 
* h-part:(L,W,R)=(89.62709pt, 418.25368pt, 89.6271pt)
* v-part:(T,H,B)=(101.40665pt, 591.5302pt, 152.11pt)
* \paperwidth=597.50787pt
* \paperheight=845.04684pt
* \textwidth=418.25368pt
* \textheight=591.5302pt
* \oddsidemargin=17.3571pt
* \evensidemargin=17.3571pt
* \topmargin=-7.86334pt
* \headheight=12.0pt
* \headsep=25.0pt
* \topskip=12.0pt
* \footskip=30.0pt
* \marginparwidth=35.0pt
* \marginparsep=10.0pt
* \columnsep=10.0pt
* \skip\footins=10.8pt plus 4.0pt minus 2.0pt
* \hoffset=0.0pt
* \voffset=0.0pt
* \mag=1000
* \@twocolumnfalse
* \@twosidefalse
* \@mparswitchfalse
* \@reversemarginfalse
* (1in=72.27pt=25.4mm, 1cm=28.453pt)

The property list \__xpg_alias contains the pairs (without outer braces):
>  {latex/target}  =>  {latex}
>  {romanian/target}  =>  {romanian}
>  {ro/target}  =>  {romanian}
>  {english/target}  =>  {english}
>  {en/target}  =>  {english}
>  {en/bcp47}  =>  {en}
>  {en/options}  =>  {bcp47=en}
>  {en-AU/target}  =>  {en}
>  {en-AU/variant}  =>  {australian}
>  {en-AU/bcp47}  =>  {en-AU}
>  {en-AU/babelname}  =>  {australian}
>  {en-AU/options}  =>  {variant=australian,babelname=autralian,bcp47=en-AU}
>  {en-CA/target}  =>  {en}
>  {en-CA/variant}  =>  {canadian}
>  {en-CA/bcp47}  =>  {en-CA}
>  {en-CA/babelname}  =>  {canadian}
>  {en-CA/options}  =>  {variant=canadian,babelname=canadian,bcp47=en-CA}
>  {en-GB/target}  =>  {en}
>  {en-GB/variant}  =>  {british}
>  {en-GB/bcp47}  =>  {en-NZ}
>  {en-GB/babelname}  =>  {british}
>  {en-GB/options}  =>  {variant=british,babelname=british,bcp47=en-NZ}
>  {en-NZ/target}  =>  {en}
>  {en-NZ/variant}  =>  {newzealand}
>  {en-NZ/bcp47}  =>  {en-NZ}
>  {en-NZ/babelname}  =>  {newzealand}
>  {en-NZ/options}  =>  {variant=newzealand,babelname=newzealand,bcp47=en-NZ}
>  {en-US/target}  =>  {en}
>  {en-US/variant}  =>  {us}
>  {en-US/bcp47}  =>  {en-US}
>  {en-US/babelname}  =>  {us}
>  {en-US/options}  =>  {variant=us,babelname=american,bcp47=en-US}
>  {american/target}  =>  {en-US}
>  {american/variant}  =>  {us}
>  {american/options}  =>  {variant=us}
>  {australian/target}  =>  {en-AU}
>  {australian/variant}  =>  {australian}
>  {australian/options}  =>  {variant=australian}
>  {british/target}  =>  {en-GB}
>  {british/variant}  =>  {british}
>  {british/options}  =>  {variant=british}
>  {canadian/target}  =>  {en-CA}
>  {canadian/variant}  =>  {canadian}
>  {canadian/options}  =>  {variant=canadian}
>  {newzealand/target}  =>  {en-NZ}
>  {newzealand/variant}  =>  {newzealand}
>  {newzealand/options}  =>  {variant=newzealand}.
Package biblatex Info: Trying to load language 'american'...
Package biblatex Info: ... file 'american.lbx' found.
(/usr/share/texmf-dist/tex/latex/biblatex/lbx/american.lbx
File: american.lbx 2022/02/02 v3.17 biblatex localization (PK/MW)
Package biblatex Info: Trying to load language 'english'...
Package biblatex Info: ... file 'english.lbx' found.

(/usr/share/texmf-dist/tex/latex/biblatex/lbx/english.lbx
File: english.lbx 2022/02/02 v3.17 biblatex localization (PK/MW)
)
Package biblatex Info: Trying to load language 'english'...
Package biblatex Info: ... file 'english.lbx' found.

(/usr/share/texmf-dist/tex/latex/biblatex/lbx/english.lbx
File: english.lbx 2022/02/02 v3.17 biblatex localization (PK/MW)
))
Package biblatex Info: Trying to load language 'romanian'...
Package biblatex Info: ... file 'romanian.lbx' found.
 (./romanian.lbx
File: romanian.lbx 2022/02/02 v3.17 biblatex localization (PK/MW)
)
Package biblatex Info: LuaTeX detected.
(biblatex)             Assuming input encoding 'utf8'.
Package biblatex Info: Automatic encoding selection.
(biblatex)             Assuming data encoding 'utf8'.

\openout3 = main.bcf
Package biblatex Info: Trying to load bibliographic data...
Package biblatex Info: ... file 'main.bbl' found.

(./main.bbl)
Package biblatex Info: Reference section=0 on input line 146.
Package biblatex Info: Reference segment=0 on input line 146.
 (/usr/share/texmf-dist/tex/context/base/mkii/supp-pdf.mkii
[Loading MPS to PDF converter (version 2006.09.02).]
\scratchcounter=\count447
\scratchdimen=\dimen178
\scratchbox=\box56
\nofMPsegments=\count448
\nofMParguments=\count449
\everyMPshowfont=\toks28
\MPscratchCnt=\count450
\MPscratchDim=\dimen179
\MPnumerator=\count451
\makeMPintoPDFobject=\count452
\everyMPtoPDFconversion=\toks29
) (/usr/share/texmf-dist/tex/latex/epstopdf-pkg/epstopdf-base.sty
Package: epstopdf-base 2020-01-24 v2.11 Base part for package epstopdf
Package epstopdf-base Info: Redefining graphics rule for `.eps' on input line 4
85.

(/usr/share/texmf-dist/tex/latex/latexconfig/epstopdf-sys.cfg
File: epstopdf-sys.cfg 2010/07/13 v1.3 Configuration of (r)epstopdf for TeX Liv
e
))
\c@lstlisting=\count453
Package hyperref Info: Link coloring ON on input line 146.

(/usr/share/texmf-dist/tex/latex/hyperref/nameref.sty
Package: nameref 2021-04-02 v2.47 Cross-referencing by name of section

(/usr/share/texmf-dist/tex/latex/refcount/refcount.sty
Package: refcount 2019/12/15 v3.6 Data extraction from label references (HO)
)
(/usr/share/texmf-dist/tex/generic/gettitlestring/gettitlestring.sty
Package: gettitlestring 2019/12/15 v1.6 Cleanup title references (HO)
)
\c@section@level=\count454
)
LaTeX Info: Redefining \ref on input line 146.
LaTeX Info: Redefining \pageref on input line 146.
LaTeX Info: Redefining \nameref on input line 146.

(./main.out) (./main.out)
\@outlinefile=\write4

\openout4 = main.out
LaTeX Font Info:    Overwriting math alphabet `\mathrm' in version `normal'
(Font)                  OT1/cmr/m/n --> TU/lmr/m/n on input line 146.
LaTeX Font Info:    Overwriting math alphabet `\mathit' in version `normal'
(Font)                  OT1/cmr/m/it --> TU/lmr/m/it on input line 146.
LaTeX Font Info:    Overwriting math alphabet `\mathbf' in version `normal'
(Font)                  OT1/cmr/bx/n --> TU/lmr/bx/n on input line 146.
LaTeX Font Info:    Overwriting math alphabet `\mathsf' in version `normal'
(Font)                  OT1/cmss/m/n --> TU/lmss/m/n on input line 146.
LaTeX Font Info:    Overwriting math alphabet `\mathsf' in version `bold'
(Font)                  OT1/cmss/bx/n --> TU/lmss/bx/n on input line 146.
LaTeX Font Info:    Overwriting math alphabet `\mathtt' in version `normal'
(Font)                  OT1/cmtt/m/n --> TU/lmtt/m/n on input line 146.
LaTeX Font Info:    Overwriting math alphabet `\mathtt' in version `bold'
(Font)                  OT1/cmtt/m/n --> TU/lmtt/bx/n on input line 146.

Package fontspec Info: Font family 'latinmodern-math.otf(0)' created for font
(fontspec)             'latinmodern-math.otf' with options
(fontspec)             [Renderer=Harfbuzz,Renderer=Basic,BoldItalicFont={},Ital
icFont={},SmallCapsFont={},Script=Math,FontAdjustment={\__um_luatex_copy_fontdi
mens:
(fontspec)             },BoldFont={latinmodern-math.otf}].
(fontspec)              
(fontspec)              This font family consists of the following NFSS
(fontspec)             series/shapes:
(fontspec)              
(fontspec)             - 'normal' (m/n) with NFSS spec.:
(fontspec)             <->"[latinmodern-math.otf]:mode=base;script=math;languag
e=dflt;"
(fontspec)             - 'small caps'  (m/sc) with NFSS spec.: 
(fontspec)             and font adjustment code:
(fontspec)             \__um_luatex_copy_fontdimens: 
(fontspec)             - 'bold' (b/n) with NFSS spec.:
(fontspec)             <->"[latinmodern-math.otf]:mode=base;script=math;languag
e=dflt;"
(fontspec)             - 'bold small caps'  (b/sc) with NFSS spec.: 
(fontspec)             and font adjustment code:
(fontspec)             \__um_luatex_copy_fontdimens: 


Package fontspec Info: Font family 'latinmodern-math.otf(1)' created for font
(fontspec)             'latinmodern-math.otf' with options
(fontspec)             [Renderer=Harfbuzz,Renderer=Basic,BoldItalicFont={},Ital
icFont={},SmallCapsFont={},Script=Math,SizeFeatures={{Size=10.2-},{Size=7.2-10.
2,Font=latinmodern-math.otf,Style=MathScript},{Size=-7.2,Font=latinmodern-math.
otf,Style=MathScriptScript}},FontAdjustment={\__um_luatex_copy_fontdimens:
(fontspec)             },BoldFont={latinmodern-math.otf}].
(fontspec)              
(fontspec)              This font family consists of the following NFSS
(fontspec)             series/shapes:
(fontspec)              
(fontspec)             - 'normal' (m/n) with NFSS spec.:
(fontspec)             <10.2->"[latinmodern-math.otf]:mode=base;script=math;lan
guage=dflt;"<7.2-10.2>"[latinmodern-math.otf]:mode=base;script=math;language=df
lt;+ssty=0;"<-7.2>"[latinmodern-math.otf]:mode=base;script=math;language=dflt;+
ssty=1;"
(fontspec)             - 'small caps'  (m/sc) with NFSS spec.: 
(fontspec)             and font adjustment code:
(fontspec)             \__um_luatex_copy_fontdimens: 
(fontspec)             - 'bold' (b/n) with NFSS spec.:
(fontspec)             <->"[latinmodern-math.otf]:mode=base;script=math;languag
e=dflt;"
(fontspec)             - 'bold small caps'  (b/sc) with NFSS spec.: 
(fontspec)             and font adjustment code:
(fontspec)             \__um_luatex_copy_fontdimens: 

LaTeX Font Info:    Encoding `OT1' has changed to `TU' for symbol font
(Font)              `operators' in the math version `normal' on input line 146.

LaTeX Font Info:    Overwriting symbol font `operators' in version `normal'
(Font)                  OT1/cmr/m/n --> TU/latinmodern-math.otf(1)/m/n on input
 line 146.
LaTeX Font Info:    Encoding `OT1' has changed to `TU' for symbol font
(Font)              `operators' in the math version `bold' on input line 146.
LaTeX Font Info:    Overwriting symbol font `operators' in version `bold'
(Font)                  OT1/cmr/bx/n --> TU/latinmodern-math.otf(1)/b/n on inpu
t line 146.

Package fontspec Info: latinmodern-math scale = 1.0001.


Package fontspec Info: latinmodern-math scale = 1.0001.


Package fontspec Info: latinmodern-math scale = 1.0001.


Package fontspec Info: latinmodern-math scale = 1.0001.


Package fontspec Info: latinmodern-math scale = 1.0001.


Package fontspec Info: Font family 'latinmodern-math.otf(2)' created for font
(fontspec)             'latinmodern-math.otf' with options
(fontspec)             [Renderer=Harfbuzz,Renderer=Basic,BoldItalicFont={},Ital
icFont={},SmallCapsFont={},Script=Math,SizeFeatures={{Size=10.2-},{Size=7.2-10.
2,Font=latinmodern-math.otf,Style=MathScript},{Size=-7.2,Font=latinmodern-math.
otf,Style=MathScriptScript}},FontAdjustment={\__um_luatex_copy_fontdimens:
(fontspec)             },BoldFont={latinmodern-math.otf},ScaleAgain=1.0001,Font
Adjustment={\fontdimen
(fontspec)             8\font =8.124pt\relax \fontdimen 9\font =4.728pt\relax
(fontspec)             \fontdimen 10\font =5.32799pt\relax \fontdimen 11\font
(fontspec)             =8.232pt\relax \fontdimen 12\font =4.14pt\relax
(fontspec)             \fontdimen 13\font =4.35599pt\relax \fontdimen 14\font
(fontspec)             =4.35599pt\relax \fontdimen 15\font =3.46799pt\relax
(fontspec)             \fontdimen 16\font =2.96399pt\relax \fontdimen 17\font
(fontspec)             =2.96399pt\relax \fontdimen 18\font =3.0pt\relax
(fontspec)             \fontdimen 19\font =2.4pt\relax \fontdimen 22\font
(fontspec)             =3.0pt\relax \fontdimen 20\font =0pt\relax \fontdimen
(fontspec)             21\font =0pt\relax }].
(fontspec)              
(fontspec)              This font family consists of the following NFSS
(fontspec)             series/shapes:
(fontspec)              
(fontspec)             - 'normal' (m/n) with NFSS spec.:
(fontspec)             <10.2->s*[1.0001]"[latinmodern-math.otf]:mode=base;scrip
t=math;language=dflt;"<7.2-10.2>s*[1.0001]"[latinmodern-math.otf]:mode=base;scr
ipt=math;language=dflt;+ssty=0;"<-7.2>s*[1.0001]"[latinmodern-math.otf]:mode=ba
se;script=math;language=dflt;+ssty=1;"
(fontspec)             - 'small caps'  (m/sc) with NFSS spec.: 
(fontspec)             and font adjustment code:
(fontspec)             \__um_luatex_copy_fontdimens: \fontdimen 8\font
(fontspec)             =8.124pt\relax \fontdimen 9\font =4.728pt\relax
(fontspec)             \fontdimen 10\font =5.32799pt\relax \fontdimen 11\font
(fontspec)             =8.232pt\relax \fontdimen 12\font =4.14pt\relax
(fontspec)             \fontdimen 13\font =4.35599pt\relax \fontdimen 14\font
(fontspec)             =4.35599pt\relax \fontdimen 15\font =3.46799pt\relax
(fontspec)             \fontdimen 16\font =2.96399pt\relax \fontdimen 17\font
(fontspec)             =2.96399pt\relax \fontdimen 18\font =3.0pt\relax
(fontspec)             \fontdimen 19\font =2.4pt\relax \fontdimen 22\font
(fontspec)             =3.0pt\relax \fontdimen 20\font =0pt\relax \fontdimen
(fontspec)             21\font =0pt\relax 
(fontspec)             - 'bold' (b/n) with NFSS spec.:
(fontspec)             <->s*[1.0001]"[latinmodern-math.otf]:mode=base;script=ma
th;language=dflt;"
(fontspec)             - 'bold small caps'  (b/sc) with NFSS spec.: 
(fontspec)             and font adjustment code:
(fontspec)             \__um_luatex_copy_fontdimens: \fontdimen 8\font
(fontspec)             =8.124pt\relax \fontdimen 9\font =4.728pt\relax
(fontspec)             \fontdimen 10\font =5.32799pt\relax \fontdimen 11\font
(fontspec)             =8.232pt\relax \fontdimen 12\font =4.14pt\relax
(fontspec)             \fontdimen 13\font =4.35599pt\relax \fontdimen 14\font
(fontspec)             =4.35599pt\relax \fontdimen 15\font =3.46799pt\relax
(fontspec)             \fontdimen 16\font =2.96399pt\relax \fontdimen 17\font
(fontspec)             =2.96399pt\relax \fontdimen 18\font =3.0pt\relax
(fontspec)             \fontdimen 19\font =2.4pt\relax \fontdimen 22\font
(fontspec)             =3.0pt\relax \fontdimen 20\font =0pt\relax \fontdimen
(fontspec)             21\font =0pt\relax 

LaTeX Font Info:    Encoding `OMS' has changed to `TU' for symbol font
(Font)              `symbols' in the math version `normal' on input line 146.
LaTeX Font Info:    Overwriting symbol font `symbols' in version `normal'
(Font)                  OMS/cmsy/m/n --> TU/latinmodern-math.otf(2)/m/n on inpu
t line 146.
LaTeX Font Info:    Encoding `OMS' has changed to `TU' for symbol font
(Font)              `symbols' in the math version `bold' on input line 146.
LaTeX Font Info:    Overwriting symbol font `symbols' in version `bold'
(Font)                  OMS/cmsy/b/n --> TU/latinmodern-math.otf(2)/b/n on inpu
t line 146.

Package fontspec Info: latinmodern-math scale = 0.9999.


Package fontspec Info: latinmodern-math scale = 0.9999.


Package fontspec Info: latinmodern-math scale = 0.9999.


Package fontspec Info: latinmodern-math scale = 0.9999.


Package fontspec Info: latinmodern-math scale = 0.9999.


Package fontspec Info: Font family 'latinmodern-math.otf(3)' created for font
(fontspec)             'latinmodern-math.otf' with options
(fontspec)             [Renderer=Harfbuzz,Renderer=Basic,BoldItalicFont={},Ital
icFont={},SmallCapsFont={},Script=Math,SizeFeatures={{Size=10.2-},{Size=7.2-10.
2,Font=latinmodern-math.otf,Style=MathScript},{Size=-7.2,Font=latinmodern-math.
otf,Style=MathScriptScript}},FontAdjustment={\__um_luatex_copy_fontdimens:
(fontspec)             },BoldFont={latinmodern-math.otf},ScaleAgain=0.9999,Font
Adjustment={\fontdimen
(fontspec)             8\font =0.48pt\relax \fontdimen 9\font =2.4pt\relax
(fontspec)             \fontdimen 10\font =2.004pt\relax \fontdimen 11\font
(fontspec)             =1.33199pt\relax \fontdimen 12\font =7.2pt\relax
(fontspec)             \fontdimen 13\font =0pt\relax }].
(fontspec)              
(fontspec)              This font family consists of the following NFSS
(fontspec)             series/shapes:
(fontspec)              
(fontspec)             - 'normal' (m/n) with NFSS spec.:
(fontspec)             <10.2->s*[0.9999]"[latinmodern-math.otf]:mode=base;scrip
t=math;language=dflt;"<7.2-10.2>s*[0.9999]"[latinmodern-math.otf]:mode=base;scr
ipt=math;language=dflt;+ssty=0;"<-7.2>s*[0.9999]"[latinmodern-math.otf]:mode=ba
se;script=math;language=dflt;+ssty=1;"
(fontspec)             - 'small caps'  (m/sc) with NFSS spec.: 
(fontspec)             and font adjustment code:
(fontspec)             \__um_luatex_copy_fontdimens: \fontdimen 8\font
(fontspec)             =0.48pt\relax \fontdimen 9\font =2.4pt\relax \fontdimen
(fontspec)             10\font =2.004pt\relax \fontdimen 11\font
(fontspec)             =1.33199pt\relax \fontdimen 12\font =7.2pt\relax
(fontspec)             \fontdimen 13\font =0pt\relax 
(fontspec)             - 'bold' (b/n) with NFSS spec.:
(fontspec)             <->s*[0.9999]"[latinmodern-math.otf]:mode=base;script=ma
th;language=dflt;"
(fontspec)             - 'bold small caps'  (b/sc) with NFSS spec.: 
(fontspec)             and font adjustment code:
(fontspec)             \__um_luatex_copy_fontdimens: \fontdimen 8\font
(fontspec)             =0.48pt\relax \fontdimen 9\font =2.4pt\relax \fontdimen
(fontspec)             10\font =2.004pt\relax \fontdimen 11\font
(fontspec)             =1.33199pt\relax \fontdimen 12\font =7.2pt\relax
(fontspec)             \fontdimen 13\font =0pt\relax 

LaTeX Font Info:    Encoding `OMX' has changed to `TU' for symbol font
(Font)              `largesymbols' in the math version `normal' on input line 1
46.
LaTeX Font Info:    Overwriting symbol font `largesymbols' in version `normal'
(Font)                  OMX/cmex/m/n --> TU/latinmodern-math.otf(3)/m/n on inpu
t line 146.
LaTeX Font Info:    Encoding `OMX' has changed to `TU' for symbol font
(Font)              `largesymbols' in the math version `bold' on input line 146
.
LaTeX Font Info:    Overwriting symbol font `largesymbols' in version `bold'
(Font)                  OMX/cmex/m/n --> TU/latinmodern-math.otf(3)/b/n on inpu
t line 146.
LaTeX Font Info:    Font shape `TU/latinmodern-math.otf(2)/m/n' will be
(Font)              scaled to size 12.00128pt on input line 146.
LaTeX Font Info:    Font shape `TU/latinmodern-math.otf(2)/m/n' will be
(Font)              scaled to size 8.40088pt on input line 146.
LaTeX Font Info:    Font shape `TU/latinmodern-math.otf(2)/m/n' will be
(Font)              scaled to size 6.00064pt on input line 146.
LaTeX Font Info:    Font shape `TU/latinmodern-math.otf(3)/m/n' will be
(Font)              scaled to size 11.99872pt on input line 146.
LaTeX Font Info:    Font shape `TU/latinmodern-math.otf(3)/m/n' will be
(Font)              scaled to size 8.3991pt on input line 146.
LaTeX Font Info:    Font shape `TU/latinmodern-math.otf(3)/m/n' will be
(Font)              scaled to size 5.99936pt on input line 146.
LaTeX Info: Redefining \rmfamily on input line 146.
LaTeX Info: Redefining \sffamily on input line 146.
LaTeX Info: Redefining \ttfamily on input line 146.

\openout2 = 0-title.aux
 (./0-title.tex
*geometry* verbose mode - [ newgeometry ] result:
* driver: luatex
* paper: a4paper
* layout: <same size as paper>
* layoutoffset:(h,v)=(0.0pt,0.0pt)
* modes: 
* h-part:(L,W,R)=(56.9055pt, 483.69687pt, 56.9055pt)
* v-part:(T,H,B)=(101.40665pt, 715.18745pt, 28.45274pt)
* \paperwidth=597.50787pt
* \paperheight=845.04684pt
* \textwidth=483.69687pt
* \textheight=715.18745pt
* \oddsidemargin=-15.36449pt
* \evensidemargin=-15.36449pt
* \topmargin=-7.86334pt
* \headheight=12.0pt
* \headsep=25.0pt
* \topskip=12.0pt
* \footskip=30.0pt
* \marginparwidth=35.0pt
* \marginparsep=10.0pt
* \columnsep=10.0pt
* \skip\footins=10.8pt plus 4.0pt minus 2.0pt
* \hoffset=0.0pt
* \voffset=0.0pt
* \mag=1000
* \@twocolumnfalse
* \@twosidefalse
* \@mparswitchfalse
* \@reversemarginfalse
* (1in=72.27pt=25.4mm, 1cm=28.453pt)

<./images//logo-ub.png, id=257, 145.2627pt x 179.35005pt>
File: ./images//logo-ub.png Graphic file (type png)
<use ./images//logo-ub.png>
Package luatex.def Info: ./images//logo-ub.png  used on input line 9.
(luatex.def)             Requested size: 96.73788pt x 119.44142pt.
<./images//logo-fmi.png, id=258, 97.5645pt x 113.004pt>
File: ./images//logo-fmi.png Graphic file (type png)
<use ./images//logo-fmi.png>
Package luatex.def Info: ./images//logo-fmi.png  used on input line 26.
(luatex.def)             Requested size: 96.73788pt x 112.04845pt.
 [1




{/var/lib/texmf/fonts/map/pdftex/updmap/pdftex.map}<./images//logo-ub.png><./ima
ges//logo-fmi.png>])
*geometry* verbose mode - [ newgeometry ] result:
* driver: luatex
* paper: a4paper
* layout: <same size as paper>
* layoutoffset:(h,v)=(0.0pt,0.0pt)
* modes: 
* h-part:(L,W,R)=(72.55461pt, 452.39865pt, 72.55461pt)
* v-part:(T,H,B)=(72.55461pt, 699.93762pt, 72.55461pt)
* \paperwidth=597.50787pt
* \paperheight=845.04684pt
* \textwidth=452.39865pt
* \textheight=699.93762pt
* \oddsidemargin=0.28462pt
* \evensidemargin=0.28462pt
* \topmargin=-36.71538pt
* \headheight=12.0pt
* \headsep=25.0pt
* \topskip=12.0pt
* \footskip=30.0pt
* \marginparwidth=35.0pt
* \marginparsep=10.0pt
* \columnsep=10.0pt
* \skip\footins=10.8pt plus 4.0pt minus 2.0pt
* \hoffset=0.0pt
* \voffset=0.0pt
* \mag=1000
* \@twocolumnfalse
* \@twosidefalse
* \@mparswitchfalse
* \@reversemarginfalse
* (1in=72.27pt=25.4mm, 1cm=28.453pt)


\openout2 = 0-abstract.aux

(./0-abstract.tex
LaTeX Info: Redefining \rmfamily on input line 3.
LaTeX Info: Redefining \sffamily on input line 3.
LaTeX Info: Redefining \ttfamily on input line 3.
LaTeX Info: Redefining \rmfamily on input line 20.
LaTeX Info: Redefining \sffamily on input line 20.
LaTeX Info: Redefining \ttfamily on input line 20.
LaTeX Info: Redefining \rmfamily on input line 22.
LaTeX Info: Redefining \sffamily on input line 22.
LaTeX Info: Redefining \ttfamily on input line 22.
LaTeX Info: Redefining \rmfamily on input line 39.
LaTeX Info: Redefining \sffamily on input line 39.
LaTeX Info: Redefining \ttfamily on input line 39.
 [2






]) (./main.toc
LaTeX Info: Redefining \rmfamily on input line 1.
LaTeX Info: Redefining \sffamily on input line 1.
LaTeX Info: Redefining \ttfamily on input line 1.
LaTeX Info: Redefining \rmfamily on input line 2.
LaTeX Info: Redefining \sffamily on input line 2.
LaTeX Info: Redefining \ttfamily on input line 2.
LaTeX Info: Redefining \rmfamily on input line 3.
LaTeX Info: Redefining \sffamily on input line 3.
LaTeX Info: Redefining \ttfamily on input line 3.
LaTeX Info: Redefining \rmfamily on input line 4.
LaTeX Info: Redefining \sffamily on input line 4.
LaTeX Info: Redefining \ttfamily on input line 4.
LaTeX Info: Redefining \rmfamily on input line 5.
LaTeX Info: Redefining \sffamily on input line 5.
LaTeX Info: Redefining \ttfamily on input line 5.
 [3




])
\tf@toc=\write5

\openout5 = main.toc
 [4]
\openout2 = 1-introducere.aux
 (./1-introducere.tex
Capitolul 1.
[5



] [6]) [7]
\openout2 = 2-preliminarii.aux
 (./2-preliminarii.tex
Capitolul 2.
[8




] [9]
Underfull \hbox (badness 10000) in paragraph at lines 94--103

 []


Underfull \hbox (badness 10000) in paragraph at lines 104--113

 []

[10]
Underfull \hbox (badness 10000) in paragraph at lines 170--179

 []

[11] (/usr/share/texmf-dist/tex/latex/listings/lstlang1.sty
File: lstlang1.sty 2020/03/24 1.8d listings language file
)
(/usr/share/texmf-dist/tex/latex/listings/lstmisc.sty
File: lstmisc.sty 2020/03/24 1.8d (Carsten Heinz)
) [12] [13]) [14] [15]
\openout2 = 3-meltdown.aux

(./3-meltdown.tex
Capitolul 3.
[16




]
Package hyperref Info: bookmark level for unknown lstlisting defaults to 0 on i
nput line 60.
 [17] [18] [19] [20] [21] [22] [23] [24]

LaTeX Warning: Reference `code:statistics' on page 25 undefined on input line 4
55.


LaTeX Warning: Reference `code:junk_flush_reload' on page 25 undefined on input
 line 474.

[25]) [26]
\openout2 = 4-spectre.aux
 (./4-spectre.tex
Capitolul 4.
[27




] [28] [29]

LaTeX Warning: Reference `rop' on page 30 undefined on input line 161.

[30] [31] [32]) [33]
\openout2 = 5-poc.aux
 (./5-poc.tex
Capitolul 5.
[34




] [35] [36] [37] [38] [39]) [40]
\openout2 = 6-concluzii.aux
 (./6-concluzii.tex
Capitolul 6.
) [41




]
Overfull \hbox (35.53813pt too wide) in paragraph at lines 178--178
[]\TU/lmr/m/it/12 CL-FLUSH  Flush Ca-che Li-ne\TU/lmr/m/n/12 , Ac-ce-sat: 13.
05.2022, \TU/lmr/m/sc/12 url\TU/lmr/m/n/12 : [][]$\TU/lmtt/m/n/12 https : / / ww
w . felixcloutier .
 []

[42



]
Overfull \hbox (18.41583pt too wide) in paragraph at lines 178--178
[]\TU/lmr/m/it/12 ht-tps://www.re-dhat.com/en/topics/linux/what-is-the-linux-ker
nel\TU/lmr/m/n/12 , Ac-ce-sat: 29.05.2022,
 []

[43]
The property list \polyglossia@langsetup contains the pairs (without outer
braces):
>  {latex/script}  =>  {latin}
>  {latex/lcscript}  =>  {latin}
>  {latex/scripttag}  =>  {}
>  {latex/language}  =>  {Latex}
>  {latex/langtag}  =>  {ENG}
>  {latex/bcp47}  =>  {}
>  {latex/hyphennames}  =>  {english}
>  {latex/direction}  =>  {LR}
>  {latex/hyphenmins}  =>  {2,3}
>  {latex/frenchspacing}  =>  {false}
>  {latex/indentfirst}  =>  {false}
>  {latex/fontsetup}  =>  {true}
>  {latex/envname}  =>  {latex}
>  {latex/babelname}  =>  {latex}
>  {latex/localnumeral}  =>  {polyglossia@C@localnumeral}
>  {latex/Localnumeral}  =>  {polyglossia@C@localnumeral}
>  {latex/DefineCommandsCmd}  =>  {use_none:n}
>  {romanian/script}  =>  {latin}
>  {romanian/lcscript}  =>  {latin}
>  {romanian/scripttag}  =>  {}
>  {romanian/language}  =>  {Romanian}
>  {romanian/langtag}  =>  {ROM}
>  {romanian/bcp47}  =>  {ro}
>  {romanian/hyphennames}  =>  {romanian}
>  {romanian/direction}  =>  {LR}
>  {romanian/hyphenmins}  =>  {2,2}
>  {romanian/frenchspacing}  =>  {false}
>  {romanian/indentfirst}  =>  {true}
>  {romanian/fontsetup}  =>  {true}
>  {romanian/envname}  =>  {romanian}
>  {romanian/babelname}  =>  {romanian}
>  {romanian/localnumeral}  =>  {polyglossia@C@localnumeral}
>  {romanian/Localnumeral}  =>  {polyglossia@C@localnumeral}
>  {romanian/DefineCommandsCmd}  =>  {xpg_define_language_commands:e}
>  {english/script}  =>  {latin}
>  {english/lcscript}  =>  {latin}
>  {english/scripttag}  =>  {}
>  {english/language}  =>  {English}
>  {english/langtag}  =>  {ENG}
>  {english/bcp47}  =>  {en-US}
>  {english/hyphennames}  =>  {english,american,usenglish,USenglish}
>  {english/direction}  =>  {LR}
>  {english/hyphenmins}  =>  {2,3}
>  {english/frenchspacing}  =>  {false}
>  {english/indentfirst}  =>  {false}
>  {english/fontsetup}  =>  {true}
>  {english/envname}  =>  {english}
>  {english/babelname}  =>  {american}
>  {english/localnumeral}  =>  {polyglossia@C@localnumeral}
>  {english/Localnumeral}  =>  {polyglossia@C@localnumeral}
>  {english/DefineCommandsCmd}  =>  {xpg_define_language_commands:e}.
The property list \__xpg_alias contains the pairs (without outer braces):
>  {latex/target}  =>  {latex}
>  {romanian/target}  =>  {romanian}
>  {ro/target}  =>  {romanian}
>  {english/target}  =>  {english}
>  {en/target}  =>  {english}
>  {en/bcp47}  =>  {en}
>  {en/options}  =>  {bcp47=en}
>  {en-AU/target}  =>  {en}
>  {en-AU/variant}  =>  {australian}
>  {en-AU/bcp47}  =>  {en-AU}
>  {en-AU/babelname}  =>  {australian}
>  {en-AU/options}  =>  {variant=australian,babelname=autralian,bcp47=en-AU}
>  {en-CA/target}  =>  {en}
>  {en-CA/variant}  =>  {canadian}
>  {en-CA/bcp47}  =>  {en-CA}
>  {en-CA/babelname}  =>  {canadian}
>  {en-CA/options}  =>  {variant=canadian,babelname=canadian,bcp47=en-CA}
>  {en-GB/target}  =>  {en}
>  {en-GB/variant}  =>  {british}
>  {en-GB/bcp47}  =>  {en-NZ}
>  {en-GB/babelname}  =>  {british}
>  {en-GB/options}  =>  {variant=british,babelname=british,bcp47=en-NZ}
>  {en-NZ/target}  =>  {en}
>  {en-NZ/variant}  =>  {newzealand}
>  {en-NZ/bcp47}  =>  {en-NZ}
>  {en-NZ/babelname}  =>  {newzealand}
>  {en-NZ/options}  =>  {variant=newzealand,babelname=newzealand,bcp47=en-NZ}
>  {en-US/target}  =>  {en}
>  {en-US/variant}  =>  {us}
>  {en-US/bcp47}  =>  {en-US}
>  {en-US/babelname}  =>  {us}
>  {en-US/options}  =>  {variant=us,babelname=american,bcp47=en-US}
>  {american/target}  =>  {en-US}
>  {american/variant}  =>  {us}
>  {american/options}  =>  {variant=us}
>  {australian/target}  =>  {en-AU}
>  {australian/variant}  =>  {australian}
>  {australian/options}  =>  {variant=australian}
>  {british/target}  =>  {en-GB}
>  {british/variant}  =>  {british}
>  {british/options}  =>  {variant=british}
>  {canadian/target}  =>  {en-CA}
>  {canadian/variant}  =>  {canadian}
>  {canadian/options}  =>  {variant=canadian}
>  {newzealand/target}  =>  {en-NZ}
>  {newzealand/variant}  =>  {newzealand}
>  {newzealand/options}  =>  {variant=newzealand}.
 [44] (./main.aux (./0-title.aux)
LaTeX Info: Redefining \rmfamily on input line 21.
LaTeX Info: Redefining \sffamily on input line 21.
LaTeX Info: Redefining \ttfamily on input line 21.
 (./0-abstract.aux
LaTeX Info: Redefining \rmfamily on input line 3.
LaTeX Info: Redefining \sffamily on input line 3.
LaTeX Info: Redefining \ttfamily on input line 3.
LaTeX Info: Redefining \rmfamily on input line 7.
LaTeX Info: Redefining \sffamily on input line 7.
LaTeX Info: Redefining \ttfamily on input line 7.
LaTeX Info: Redefining \rmfamily on input line 11.
LaTeX Info: Redefining \sffamily on input line 11.
LaTeX Info: Redefining \ttfamily on input line 11.
LaTeX Info: Redefining \rmfamily on input line 15.
LaTeX Info: Redefining \sffamily on input line 15.
LaTeX Info: Redefining \ttfamily on input line 15.
) (./1-introducere.aux)
(./2-preliminarii.aux) (./3-meltdown.aux) (./4-spectre.aux) (./5-poc.aux)
(./6-concluzii.aux))

LaTeX Warning: There were undefined references.

Package rerunfilecheck Info: File `main.out' has not changed.
(rerunfilecheck)             Checksum: 2B3AA024A74D15697E07770C9F589CB1;9757.
Package logreq Info: Writing requests to 'main.run.xml'.

\openout1 = main.run.xml
)

Here is how much of LuaTeX's memory you used:
 30356 strings out of 477762
 596343,1648299 words of node,token memory allocated
 719 words of node memory still in use:
   6 hlist, 2 vlist, 2 rule, 2 glue, 4 kern, 1 glyph, 20 attribute, 71 glue_spec
, 20 attribute_list, 1 write, 14 pdf_action nodes
   avail lists: 1:6,2:7182,3:490,4:849,5:14188,6:140,7:17382,8:151,9:28624,10:47
,11:1483
 49579 multiletter control sequences out of 65536+600000
 44 fonts using 11978479 bytes
 84i,12n,115p,732b,3440s stack positions out of 5000i,500n,10000p,200000b,80000s
</usr/share/texmf-dist/fonts/opentype/public/lm/lmromancaps10-regular.otf></usr/
share/texmf-dist/fonts/opentype/public/lm/lmmono10-regular.otf></usr/share/texmf
-dist/fonts/opentype/public/lm/lmroman6-regular.otf></usr/share/texmf-dist/fonts
/opentype/public/lm/lmmono12-regular.otf></usr/share/texmf-dist/fonts/opentype/p
ublic/lm-math/latinmodern-math.otf></usr/share/texmf-dist/fonts/opentype/public/
lm/lmroman12-italic.otf></usr/share/texmf-dist/fonts/opentype/public/lm/lmroman1
2-regular.otf></usr/share/texmf-dist/fonts/opentype/public/lm/lmroman12-bold.otf
>
Output written on main.pdf (44 pages, 287244 bytes).

PDF statistics: 1112 PDF objects out of 1200 (max. 8388607)
 1027 compressed objects within 11 object streams
 491 named destinations out of 1000 (max. 131072)
 505 words of extra memory for PDF output out of 10000 (max. 100000000)

